<?xml version="1.0" encoding="UTF-8"?>
<testng-results skipped="0" failed="0" ignored="0" total="2" passed="2">
  <reporter-output>
  </reporter-output>
  <suite name="Suite" duration-ms="18731" started-at="2020-07-09T10:15:29Z" finished-at="2020-07-09T10:15:48Z">
    <groups>
    </groups>
    <test name="Test" duration-ms="18731" started-at="2020-07-09T10:15:29Z" finished-at="2020-07-09T10:15:48Z">
      <class name="WebDriver.Example.Docker_chrome">
        <test-method status="PASS" signature="test1()[pri:0, instance:WebDriver.Example.Docker_chrome@8e0379d]" name="test1" duration-ms="6145" started-at="2020-07-09T10:15:29Z" finished-at="2020-07-09T10:15:35Z">
          <reporter-output>
          </reporter-output>
        </test-method> <!-- test1 -->
      </class> <!-- WebDriver.Example.Docker_chrome -->
      <class name="WebDriver.Example.Docker_Firefox">
        <test-method status="PASS" signature="test1()[pri:0, instance:WebDriver.Example.Docker_Firefox@35083305]" name="test1" duration-ms="18667" started-at="2020-07-09T10:15:29Z" finished-at="2020-07-09T10:15:48Z">
          <reporter-output>
          </reporter-output>
        </test-method> <!-- test1 -->
      </class> <!-- WebDriver.Example.Docker_Firefox -->
    </test> <!-- Test -->
  </suite> <!-- Suite -->
</testng-results>
